<?xml version="1.0" encoding="UTF-8"?>
<testng-results ignored="0" total="1" passed="1" failed="0" skipped="0">
  <reporter-output>
    <line>
      <![CDATA[Welcome to Home page]]>
    </line>
    <line>
      <![CDATA[Clicked on get started button]]>
    </line>
    <line>
      <![CDATA[Clicked on sign In link]]>
    </line>
    <line>
      <![CDATA[Clicked the login btn in LoginPage]]>
    </line>
    <line>
      <![CDATA[Entered username and pwd and clicked on login link]]>
    </line>
    <line>
      <![CDATA[is element displayed  true]]>
    </line>
  </reporter-output>
  <suite started-at="2021-10-27T19:34:06Z" name="Default suite" finished-at="2021-10-27T19:34:13Z" duration-ms="7299">
    <groups>
    </groups>
    <test started-at="2021-10-27T19:34:06Z" name="Default test" finished-at="2021-10-27T19:34:13Z" duration-ms="7299">
      <class name="org.numpy.dsalgo.test.LoginTest">
        <test-method is-config="true" signature="beforeClass()[pri:0, instance:org.numpy.dsalgo.test.LoginTest@6fa34d52]" started-at="2021-10-27T19:34:06Z" name="beforeClass" finished-at="2021-10-27T19:34:10Z" duration-ms="3815" status="PASS">
          <reporter-output>
            <line>
              <![CDATA[Welcome to Home page]]>
            </line>
          </reporter-output>
        </test-method> <!-- beforeClass -->
        <test-method signature="loginToDsAlgo()[pri:0, instance:org.numpy.dsalgo.test.LoginTest@6fa34d52]" started-at="2021-10-27T19:34:10Z" name="loginToDsAlgo" finished-at="2021-10-27T19:34:12Z" duration-ms="2369" status="PASS">
          <reporter-output>
            <line>
              <![CDATA[Clicked on get started button]]>
            </line>
            <line>
              <![CDATA[Clicked on sign In link]]>
            </line>
            <line>
              <![CDATA[Clicked the login btn in LoginPage]]>
            </line>
            <line>
              <![CDATA[Entered username and pwd and clicked on login link]]>
            </line>
            <line>
              <![CDATA[is element displayed  true]]>
            </line>
          </reporter-output>
        </test-method> <!-- loginToDsAlgo -->
        <test-method is-config="true" signature="afterClass()[pri:0, instance:org.numpy.dsalgo.test.LoginTest@6fa34d52]" started-at="2021-10-27T19:34:12Z" name="afterClass" finished-at="2021-10-27T19:34:13Z" duration-ms="1077" status="PASS">
          <reporter-output>
          </reporter-output>
        </test-method> <!-- afterClass -->
      </class> <!-- org.numpy.dsalgo.test.LoginTest -->
    </test> <!-- Default test -->
  </suite> <!-- Default suite -->
</testng-results>
